#
# A fatal error has been detected by the Java Runtime Environment:
#
#  Internal Error (javaClasses.cpp:136), pid=336, tid=6748
#  fatal error: Invalid layout of preloaded class
#
# JRE version:  (7.0_45-b18) (build )
# Java VM: Java HotSpot(TM) 64-Bit Server VM (24.45-b08 mixed mode windows-amd64 compressed oops)
# Failed to write core dump. Minidumps are not enabled by default on client versions of Windows
#
# If you would like to submit a bug report, please visit:
#   http://bugreport.sun.com/bugreport/crash.jsp
#

---------------  T H R E A D  ---------------

Current thread (0x0000000002380800):  JavaThread "Unknown thread" [_thread_in_vm, id=6748, stack(0x00000000021b0000,0x00000000022b0000)]

Stack: [0x00000000021b0000,0x00000000022b0000]

---------------  P R O C E S S  ---------------

Java Threads: ( => current thread )

Other Threads:

=>0x0000000002380800 (exited) JavaThread "Unknown thread" [_thread_in_vm, id=6748, stack(0x00000000021b0000,0x00000000022b0000)]

VM state:not at safepoint (not fully initialized)

VM Mutex/Monitor currently owned by a thread: None

GC Heap History (0 events):
No events

Deoptimization events (0 events):
No events

Internal exceptions (0 events):
No events

Events (10 events):
Event: 0.152 loading class 0x00000000023c4590 done
Event: 0.153 loading class 0x00000000023c3fb0 done
Event: 0.153 loading class 0x00000000023c3f90
Event: 0.219 loading class 0x00000000023cc090
Event: 0.219 loading class 0x00000000023cc090 done
Event: 0.219 loading class 0x00000000023cc0c0
Event: 0.220 loading class 0x00000000023cc0c0 done
Event: 0.220 loading class 0x00000000023cc0f0
Event: 0.220 loading class 0x00000000023cc0f0 done
Event: 0.220 loading class 0x00000000023c3f90 done


Dynamic libraries:
0x000007f787890000 - 0x000007f7878c3000 	C:\Program Files\Java\jre7\bin\javaw.exe
0x000007fe1a260000 - 0x000007fe1a420000 	C:\windows\SYSTEM32\ntdll.dll
0x000007fe19510000 - 0x000007fe19646000 	C:\windows\system32\KERNEL32.DLL
0x000007fe173c0000 - 0x000007fe174b3000 	C:\windows\system32\KERNELBASE.dll
0x000007fe18fc0000 - 0x000007fe1909e000 	C:\windows\system32\ADVAPI32.dll
0x000007fe19e70000 - 0x000007fe19fbc000 	C:\windows\system32\USER32.dll
0x000007fe14cd0000 - 0x000007fe14f3a000 	C:\windows\WinSxS\amd64_microsoft.windows.common-controls_6595b64144ccf1df_6.0.9200.16579_none_418ab7ef718b27ef\COMCTL32.dll
0x000007fe19460000 - 0x000007fe19505000 	C:\windows\system32\msvcrt.dll
0x000007fe19e20000 - 0x000007fe19e68000 	C:\windows\SYSTEM32\sechost.dll
0x000007fe19950000 - 0x000007fe19a95000 	C:\windows\system32\RPCRT4.dll
0x000007fe19cd0000 - 0x000007fe19e11000 	C:\windows\system32\GDI32.dll
0x000007fe18f70000 - 0x000007fe18fa9000 	C:\windows\system32\IMM32.DLL
0x000007fe18e50000 - 0x000007fe18f66000 	C:\windows\system32\MSCTF.dll
0x000000005ee10000 - 0x000000005eee2000 	C:\Program Files\Java\jre7\bin\msvcr100.dll
0x000000005e640000 - 0x000000005ee09000 	C:\Program Files\Java\jre7\bin\server\jvm.dll
0x000007fe15250000 - 0x000007fe15259000 	C:\windows\SYSTEM32\WSOCK32.dll
0x000007fe0aea0000 - 0x000007fe0aec0000 	C:\windows\SYSTEM32\WINMM.dll
0x000007fe18fb0000 - 0x000007fe18fb7000 	C:\windows\system32\PSAPI.DLL
0x000007fe19880000 - 0x000007fe198d8000 	C:\windows\system32\WS2_32.dll
0x000007fe0ae60000 - 0x000007fe0ae93000 	C:\windows\SYSTEM32\WINMMBASE.dll
0x000007fe1a060000 - 0x000007fe1a069000 	C:\windows\system32\NSI.dll
0x000007fe174f0000 - 0x000007fe1753f000 	C:\windows\SYSTEM32\cfgmgr32.dll
0x000007fe174c0000 - 0x000007fe174e2000 	C:\windows\system32\DEVOBJ.dll
0x000000005e630000 - 0x000000005e63f000 	C:\Program Files\Java\jre7\bin\verify.dll
0x000000005e600000 - 0x000000005e628000 	C:\Program Files\Java\jre7\bin\java.dll
0x000000005e5e0000 - 0x000000005e5f5000 	C:\Program Files\Java\jre7\bin\zip.dll

VM Arguments:
jvm_args: -Dfile.encoding=Cp1252 -Xbootclasspath:C:\Users\John\android-sdks\platforms\android-19\android.jar 
java_command: com.jconnolly.mazeball.MazeGenerator
Launcher Type: SUN_STANDARD

Environment Variables:
JAVA_HOME=C:\Program Files\Java\jre7\bin;
PATH=C:\windows\system32;C:\windows;C:\windows\System32\Wbem;C:\windows\System32\WindowsPowerShell\v1.0\;C:\Program Files\Java\jre7\bin;C:\Python33\;C:\Python33\Scripts;C:\Program Files\Microsoft SQL Server\110\Tools\Binn\;C:\windows\system32;C:\windows;C:\windows\System32\Wbem;C:\windows\System32\WindowsPowerShell\v1.0\;C:\Program Files\Java\jre7\bin;C:\Python33\;C:\Python33\Scripts
USERNAME=John
OS=Windows_NT
PROCESSOR_IDENTIFIER=Intel64 Family 6 Model 42 Stepping 7, GenuineIntel



---------------  S Y S T E M  ---------------

OS: Windows 8 , 64 bit Build 9200 

CPU:total 4 (2 cores per cpu, 2 threads per core) family 6 model 42 stepping 7, cmov, cx8, fxsr, mmx, sse, sse2, sse3, ssse3, sse4.1, sse4.2, popcnt, avx, ht, tsc, tscinvbit

Memory: 4k page, physical 5983776k(1503960k free), swap 7622180k(1788928k free)

vm_info: Java HotSpot(TM) 64-Bit Server VM (24.45-b08) for windows-amd64 JRE (1.7.0_45-b18), built on Oct  8 2013 05:47:22 by "java_re" with unknown MS VC++:1600

time: Tue Feb 25 14:36:38 2014
elapsed time: 0 seconds

